src/Akeneo/AssetManager/back/Infrastructure/Persistence/Sql/Locale/SqlFindActivatedLocalesByIdentifiers.php
src/Akeneo/AssetManager/back/Infrastructure/Persistence/Sql/Locale/SqlFindActivatedLocales.php
src/Akeneo/AssetManager/back/Infrastructure/Persistence/Sql/Attribute/SqlFindValueKeyCollection.php
src/Akeneo/AssetManager/back/Infrastructure/Persistence/Sql/Attribute/SqlFindRequiredValueKeyCollectionForChannelAndLocales.php
src/Akeneo/AssetManager/back/Infrastructure/Persistence/Sql/Attribute/SqlFindValueKeysByAttributeType.php
src/Akeneo/AssetManager/back/Infrastructure/Persistence/Sql/Attribute/SqlGenerateEmptyValues.php
src/Akeneo/AssetManager/back/Infrastructure/Persistence/Sql/Attribute/SqlFindValueKeysToIndexForAllChannelsAndLocales.php
src/Akeneo/AssetManager/back/Infrastructure/Persistence/Sql/Asset/SqlFindAssetLabelsByIdentifiers.php
src/Akeneo/AssetManager/back/Infrastructure/Persistence/Sql/Channel/SqlChannelExists.php
src/Akeneo/AssetManager/back/Infrastructure/Persistence/Sql/Channel/SqlFindActivatedLocalesPerChannels.php
src/Akeneo/AssetManager/back/Infrastructure/Persistence/Sql/ValueKey/SqlGetValueKeyForAttributeChannelAndLocale.php
src/Akeneo/AssetManager/back/Infrastructure/PublicApi/Onboarder/FindAssetsByIdentifiers.php
src/Akeneo/AssetManager/back/Infrastructure/PublicApi/Onboarder/FindAllAssets.php
src/Akeneo/AssetManager/tests/back/Integration/Persistence/Helper/DatabaseHelper.php
src/Akeneo/AssetManager/tests/back/Integration/Persistence/Sql/Channel/SqlFindActivatedLocalesPerChannelsTest.php
src/Akeneo/ReferenceEntity/back/Infrastructure/Persistence/Sql/Locale/SqlFindActivatedLocalesByIdentifiers.php
src/Akeneo/ReferenceEntity/back/Infrastructure/Persistence/Sql/Locale/SqlFindActivatedLocales.php
src/Akeneo/ReferenceEntity/back/Infrastructure/Persistence/Sql/Record/SqlFindRecordLabelsByIdentifiers.php
src/Akeneo/ReferenceEntity/back/Infrastructure/Persistence/Sql/Attribute/SqlFindValueKeyCollection.php
src/Akeneo/ReferenceEntity/back/Infrastructure/Persistence/Sql/Attribute/SqlFindRequiredValueKeyCollectionForChannelAndLocales.php
src/Akeneo/ReferenceEntity/back/Infrastructure/Persistence/Sql/Attribute/SqlFindValueKeysByAttributeType.php
src/Akeneo/ReferenceEntity/back/Infrastructure/Persistence/Sql/Attribute/SqlGenerateEmptyValues.php
src/Akeneo/ReferenceEntity/back/Infrastructure/Persistence/Sql/Attribute/SqlFindValueKeysToIndexForAllChannelsAndLocales.php
src/Akeneo/ReferenceEntity/back/Infrastructure/Persistence/Sql/Channel/SqlChannelExists.php
src/Akeneo/ReferenceEntity/back/Infrastructure/Persistence/Sql/Channel/SqlFindActivatedLocalesPerChannels.php
src/Akeneo/ReferenceEntity/back/Infrastructure/Persistence/Sql/ValueKey/SqlGetValueKeyForAttributeChannelAndLocale.php
src/Akeneo/ReferenceEntity/back/Infrastructure/PublicApi/Onboarder/FindRecordLabelsByIdentifiers.php
src/Akeneo/ReferenceEntity/back/Infrastructure/PublicApi/Onboarder/FindAllRecordLabels.php
src/Akeneo/ReferenceEntity/tests/back/Integration/Persistence/Helper/DatabaseHelper.php
src/Akeneo/ReferenceEntity/tests/back/Integration/Persistence/Sql/Channel/SqlFindActivatedLocalesPerChannelsTest.php
